<?xml version="1.0" encoding="UTF-8"?>
<!-- Generated by org.testng.reporters.JUnitReportReporter -->
<testsuite name="com.addAddress.AddAddress" tests="7" time="15.867" ignored="0" failures="0" timestamp="06 Feb 2023 07:05:36 GMT" skipped="0" hostname="DESKTOP-NNJQK5J" errors="0">
  <testcase name="login" time="5.416" classname="com.addAddress.AddAddress"/>
  <testcase name="getStateList" time="1.686" classname="com.addAddress.AddAddress"/>
  <testcase name="addUserAddress" time="2.661" classname="com.addAddress.AddAddress"/>
  <testcase name="deleteUserAddress" time="1.394" classname="com.addAddress.AddAddress"/>
  <testcase name="updateUserAddress" time="1.418" classname="com.addAddress.AddAddress"/>
  <testcase name="getCityList" time="1.729" classname="com.addAddress.AddAddress"/>
  <testcase name="getUserAddress" time="1.563" classname="com.addAddress.AddAddress"/>
</testsuite> <!-- com.addAddress.AddAddress -->
