<?xml version="1.0" encoding="UTF-8"?>
<!-- Generated by org.testng.reporters.JUnitReportReporter -->
<testsuite name="com.readdataAssured.ReadWithAssured" tests="1" time="8.891" ignored="0" failures="0" timestamp="30 Jan 2023 13:03:41 GMT" skipped="0" hostname="DESKTOP-NNJQK5J" errors="0">
  <testcase name="login" time="8.891" classname="com.readdataAssured.ReadWithAssured"/>
</testsuite> <!-- com.readdataAssured.ReadWithAssured -->
