<?xml version="1.0" encoding="UTF-8"?>
<!-- Generated by org.testng.reporters.JUnitReportReporter -->
<testsuite name="com.apitest.LoginWithAssured" tests="1" time="7.912" ignored="0" failures="0" timestamp="30 Jan 2023 12:54:20 GMT" skipped="0" hostname="DESKTOP-NNJQK5J" errors="0">
  <testcase name="login" time="7.912" classname="com.apitest.LoginWithAssured"/>
</testsuite> <!-- com.apitest.LoginWithAssured -->
